<?xml version="1.0" encoding="UTF-8"?>
<!-- Generated by org.testng.reporters.JUnitXMLReporter -->
<testsuite hostname="WIN10DESKTOP" ignored="0" name="Test3" tests="8" failures="0" timestamp="05 Mar 2022 13:06:10 GMT" time="0.046" errors="0">
  <testcase name="test5" time="0.0" classname="test.ng.Grp2"/>
  <testcase name="test6" time="0.0" classname="test.ng.Grp2"/>
  <testcase name="test1" time="0.0" classname="test.ng.Grp1"/>
  <testcase name="test7" time="0.0" classname="test.ng.Grp2"/>
  <testcase name="test2" time="0.0" classname="test.ng.Grp1"/>
  <testcase name="test8" time="0.0" classname="test.ng.Grp2"/>
  <testcase name="test3" time="0.0" classname="test.ng.Grp1"/>
  <testcase name="test4" time="0.0" classname="test.ng.Grp1"/>
</testsuite> <!-- Test3 -->
