<?xml version="1.0" encoding="UTF-8"?>
<!-- Generated by org.testng.reporters.JUnitXMLReporter -->
<testsuite hostname="WIN10DESKTOP" ignored="4" name="Test" tests="4" failures="0" timestamp="18 Jan 2022 13:29:51 GMT" time="0.077" errors="0">
  <testcase name="test5" time="0.013" classname="test.ng.Grp2"/>
  <testcase name="test7" time="0.006" classname="test.ng.Grp2"/>
  <testcase name="test1" time="0.006" classname="test.ng.Grp1"/>
  <testcase name="test2" time="0.003" classname="test.ng.Grp1"/>
  <testcase name="test4" time="0.0" classname="test.ng.Grp1">
    <ignored/>
  </testcase> <!-- test4 -->
  <testcase name="test8" time="0.0" classname="test.ng.Grp2">
    <ignored/>
  </testcase> <!-- test8 -->
  <testcase name="test6" time="0.0" classname="test.ng.Grp2">
    <ignored/>
  </testcase> <!-- test6 -->
  <testcase name="test3" time="0.0" classname="test.ng.Grp1">
    <ignored/>
  </testcase> <!-- test3 -->
</testsuite> <!-- Test -->
