<?xml version="1.0" encoding="UTF-8"?>
<!-- Generated by org.testng.reporters.JUnitXMLReporter -->
<testsuite hostname="WIN10DESKTOP" ignored="4" name="Test1" tests="4" failures="0" timestamp="05 Mar 2022 13:06:10 GMT" time="0.094" errors="0">
  <testcase name="test5" time="0.032" classname="test.ng.Grp2"/>
  <testcase name="test1" time="0.032" classname="test.ng.Grp1"/>
  <testcase name="test7" time="0.015" classname="test.ng.Grp2"/>
  <testcase name="test2" time="0.0" classname="test.ng.Grp1"/>
  <testcase name="test4" time="0.0" classname="test.ng.Grp1">
    <ignored/>
  </testcase> <!-- test4 -->
  <testcase name="test8" time="0.0" classname="test.ng.Grp2">
    <ignored/>
  </testcase> <!-- test8 -->
  <testcase name="test6" time="0.0" classname="test.ng.Grp2">
    <ignored/>
  </testcase> <!-- test6 -->
  <testcase name="test3" time="0.0" classname="test.ng.Grp1">
    <ignored/>
  </testcase> <!-- test3 -->
</testsuite> <!-- Test1 -->
